***** DATA INFO *****
Using 100% of training data
BATCH SIZE: 512
Train: 25980 turns
Valid: 3128 turns
Test: 3113 turns
# of batches: Train 50 Valid 6 Test 6
*************************

Using deep version with 1 layer
Using sclstm as decoder with module list!
do not support re-train model, please make sure the model do not exist before training

***** MODEL INFO *****
MODEL PATH: ./sclstm.pt
SIZE OF HIDDEN: 100
# of LAYER: 1
SAMPLE/BEAM SIZE: 1
*************************

Epoch 0 (n_layer 1)
BATCH
50
